[2026-04-23T10:11:02.574Z] === 収集開始 対象 6 日 / アクセス間隔 2000ms / バッチ200R+休憩5分 ===
[2026-04-23T10:11:09.508Z] SCHEDULE_EMPTY 20260413
[2026-04-23T10:11:16.212Z] SCHEDULE_EMPTY 20260420
[2026-04-23T10:11:16.213Z] TOTAL_TASKS 144
[2026-04-23T10:11:23.426Z] SAVED 20260411 202606030501 中山1R 3歳未勝利
[2026-04-23T10:11:30.316Z] SAVED 20260411 202606030502 中山2R 3歳未勝利
[2026-04-23T10:11:37.214Z] SAVED 20260411 202606030503 中山3R 3歳未勝利
[2026-04-23T10:11:43.994Z] SAVED 20260411 202606030504 中山4R 4歳以上障害OP
[2026-04-23T10:11:50.958Z] SAVED 20260411 202606030505 中山5R 3歳未勝利
[2026-04-23T10:11:57.831Z] SAVED 20260411 202606030506 中山6R 3歳未勝利
[2026-04-23T10:12:04.582Z] SAVED 20260411 202606030507 中山7R 3歳1勝クラス
[2026-04-23T10:12:11.559Z] SAVED 20260411 202606030508 中山8R 4歳以上1勝クラス
[2026-04-23T10:12:18.377Z] SAVED 20260411 202606030509 中山9R 山藤賞
[2026-04-23T10:12:25.256Z] SAVED 20260411 202606030510 中山10R 卯月S
[2026-04-23T10:12:32.115Z] SAVED 20260411 202606030511 中山11R NZT
[2026-04-23T10:12:39.087Z] SAVED 20260411 202606030512 中山12R 4歳以上2勝クラス
[2026-04-23T10:12:46.413Z] SAVED 20260411 202609020501 阪神1R 3歳未勝利
[2026-04-23T10:12:53.319Z] SAVED 20260411 202609020502 阪神2R 3歳未勝利
[2026-04-23T10:13:00.088Z] SAVED 20260411 202609020503 阪神3R 3歳未勝利
[2026-04-23T10:13:07.079Z] SAVED 20260411 202609020504 阪神4R 3歳未勝利
[2026-04-23T10:13:13.820Z] SAVED 20260411 202609020505 阪神5R 3歳1勝クラス
[2026-04-23T10:13:20.676Z] SAVED 20260411 202609020506 阪神6R 3歳1勝クラス
[2026-04-23T10:13:27.765Z] SAVED 20260411 202609020507 阪神7R 4歳以上1勝クラス
[2026-04-23T10:13:34.714Z] SAVED 20260411 202609020508 阪神8R 4歳以上1勝クラス
[2026-04-23T10:13:41.501Z] SAVED 20260411 202609020509 阪神9R 明石特別
[2026-04-23T10:13:48.295Z] SAVED 20260411 202609020510 阪神10R 大―ハンC
[2026-04-23T10:13:55.547Z] SAVED 20260411 202609020511 阪神11R 阪神牝馬S
[2026-04-23T10:14:02.388Z] SAVED 20260411 202609020512 阪神12R 4歳以上2勝クラス
[2026-04-23T10:14:09.325Z] SAVED 20260411 202603010101 福島1R 3歳未勝利
[2026-04-23T10:14:16.203Z] SAVED 20260411 202603010102 福島2R 3歳未勝利
[2026-04-23T10:14:23.050Z] SAVED 20260411 202603010103 福島3R 3歳未勝利
[2026-04-23T10:14:29.959Z] SAVED 20260411 202603010104 福島4R 3歳未勝利
[2026-04-23T10:14:36.781Z] SAVED 20260411 202603010105 福島5R 3歳未勝利
[2026-04-23T10:14:43.641Z] SAVED 20260411 202603010106 福島6R 3歳未勝利
[2026-04-23T10:14:43.641Z] PROGRESS 30/144 saved=30 existing=0 errors=0 eta=13min
[2026-04-23T10:14:50.416Z] SAVED 20260411 202603010107 福島7R 4歳以上1勝クラス
[2026-04-23T10:14:57.085Z] SAVED 20260411 202603010108 福島8R 4歳以上1勝クラス
[2026-04-23T10:15:04.082Z] SAVED 20260411 202603010109 福島9R 浄土平特別
[2026-04-23T10:15:10.832Z] SAVED 20260411 202603010110 福島10R 花見山特別
[2026-04-23T10:15:17.550Z] SAVED 20260411 202603010111 福島11R 吾妻小富士S
[2026-04-23T10:15:24.229Z] SAVED 20260411 202603010112 福島12R 4歳以上1勝クラス
[2026-04-23T10:15:24.240Z] === 収集終了 saved=36 existing=108 errors=0 total_files=3269 ===
