[2026-04-23T10:11:00.797Z] ===== 週次スクレイプ開始 (過去 14 日) =====
[2026-04-23T10:11:01.460Z] ✅ netkeiba アクセス確認 OK
[2026-04-23T10:11:01.461Z] 対象日付: 6 日 (20260411 〜 20260420)
[2026-04-23T10:11:01.465Z] 実行前の JSON 数: 3233
[2026-04-23T10:11:01.466Z] collect-verification.ts を起動 (--dates 形式で日付を渡す)
[2026-04-23T10:15:24.270Z] 実行後の JSON 数: 3269 (新規 36)
[2026-04-23T10:15:24.271Z] ===== 週次スクレイプ完了 =====
[2026-04-23T10:15:24.272Z] --- collect.log 末尾 20 行 ---
[2026-04-23T10:13:34.714Z] SAVED 20260411 202609020508 阪神8R 4歳以上1勝クラス
[2026-04-23T10:13:41.501Z] SAVED 20260411 202609020509 阪神9R 明石特別
[2026-04-23T10:13:48.295Z] SAVED 20260411 202609020510 阪神10R 大―ハンC
[2026-04-23T10:13:55.547Z] SAVED 20260411 202609020511 阪神11R 阪神牝馬S
[2026-04-23T10:14:02.388Z] SAVED 20260411 202609020512 阪神12R 4歳以上2勝クラス
[2026-04-23T10:14:09.325Z] SAVED 20260411 202603010101 福島1R 3歳未勝利
[2026-04-23T10:14:16.203Z] SAVED 20260411 202603010102 福島2R 3歳未勝利
[2026-04-23T10:14:23.050Z] SAVED 20260411 202603010103 福島3R 3歳未勝利
[2026-04-23T10:14:29.959Z] SAVED 20260411 202603010104 福島4R 3歳未勝利
[2026-04-23T10:14:36.781Z] SAVED 20260411 202603010105 福島5R 3歳未勝利
[2026-04-23T10:14:43.641Z] SAVED 20260411 202603010106 福島6R 3歳未勝利
[2026-04-23T10:14:43.641Z] PROGRESS 30/144 saved=30 existing=0 errors=0 eta=13min
[2026-04-23T10:14:50.416Z] SAVED 20260411 202603010107 福島7R 4歳以上1勝クラス
[2026-04-23T10:14:57.085Z] SAVED 20260411 202603010108 福島8R 4歳以上1勝クラス
[2026-04-23T10:15:04.082Z] SAVED 20260411 202603010109 福島9R 浄土平特別
[2026-04-23T10:15:10.832Z] SAVED 20260411 202603010110 福島10R 花見山特別
[2026-04-23T10:15:17.550Z] SAVED 20260411 202603010111 福島11R 吾妻小富士S
[2026-04-23T10:15:24.229Z] SAVED 20260411 202603010112 福島12R 4歳以上1勝クラス
[2026-04-23T10:15:24.240Z] === 収集終了 saved=36 existing=108 errors=0 total_files=3269 ===

